Numbers: 500,000 Lists: 1 Cores: 12
Generating 500,000 random numbers... 
Generating expected results... 
Generate time: 0.397525 seconds
Running ParallelRadixSort::msd() with 12 cores.. .
12
Elapsed time: 0.832361 seconds
Comparing results... 
List 0 PASS
Numbers: 500,000 Lists: 2 Cores: 12
Generating 1,000,000 random numbers... 
Generating expected results... 
Generate time: 1.10067 seconds
Running ParallelRadixSort::msd() with 12 cores.. .
12
Numbers: 500,000 Lists: 3 Cores: 12
Generating 1,500,000 random numbers... 
Generating expected results... 
Generate time: 2.44986 seconds
Running ParallelRadixSort::msd() with 12 cores.. .
12
