Numbers: 500,000 Lists: 1 Cores: 12
Generating 500,000 random numbers... 
Generating expected results... 
Generate time: 0.361561 seconds
Running ParallelRadixSort::msd() with 12 cores.. .
12
Numbers: 500,000 Lists: 2 Cores: 12
Generating 1,000,000 random numbers... 
Generating expected results... 
Generate time: 0.735824 seconds
Running ParallelRadixSort::msd() with 12 cores.. .
12
Numbers: 500,000 Lists: 3 Cores: 12
Generating 1,500,000 random numbers... 
Generating expected results... 
Generate time: 1.09585 seconds
Running ParallelRadixSort::msd() with 12 cores.. .
12
Numbers: 500,000 Lists: 4 Cores: 12
Generating 2,000,000 random numbers... 
Generating expected results... 
Generate time: 1.43652 seconds
Running ParallelRadixSort::msd() with 12 cores.. .
12

               Tests:    0/  0     0.0%

