Numbers: 55555 Lists: 1 Cores: 1
Generating expected results... 
Generate time: 0.418532 seconds
Creating RadixSort with 1 cores
Running RadixSort.msd()... 
1

0

listssize1

cores and moop1 0
first place I wanna bElapsed time: 0.285481 seconds
Comparing results... 
Numbers: 55555 Lists: 2 Cores: 1
Generating expected results... 
Generate time: 0.421682 seconds
Creating RadixSort with 1 cores
Running RadixSort.msd()... 
1

0

listssize2

cores and moop1 0
first place I wanna b
listssize2

cores and moop1 1
first place I wanna bElapsed time: 0.565091 seconds
Comparing results... 
Numbers: 55555 Lists: 2 Cores: 2
Generating expected results... 
Generate time: 0.438754 seconds
Creating RadixSort with 2 cores
Running RadixSort.msd()... 
2

0

listssize2

cores and moop2 0
first place I wanna b
listssize2

cores and moop2 1
where i wanna b
0
got hereElapsed time: 0.340356 seconds
Comparing results... 
