Numbers: 55555 Lists: 1 Cores: 1
Generating expected results... 
Generate time: 0.430593 seconds
Creating RadixSort with 1 cores
Running RadixSort.msd()... 

cores, lists1 1
Elapsed time: 0.289013 seconds
Comparing results... 
List 0 FAIL
Numbers: 55555 Lists: 2 Cores: 1
Generating expected results... 
Generate time: 0.420336 seconds
Creating RadixSort with 1 cores
Running RadixSort.msd()... 

cores, lists1 2
Elapsed time: 0.578968 seconds
Comparing results... 
List 0 PASS
List 1 PASS
Numbers: 55555 Lists: 2 Cores: 2
Generating expected results... 
Generate time: 0.437268 seconds
Creating RadixSort with 2 cores
Running RadixSort.msd()... 

cores, lists2 2
Elapsed time: 0.642168 seconds
Comparing results... 
List 0 FAIL
List 1 PASS
Numbers: 55555 Lists: 3 Cores: 1
Generating expected results... 
Generate time: 0.480969 seconds
Creating RadixSort with 1 cores
Running RadixSort.msd()... 

cores, lists1 3
Elapsed time: 0.864412 seconds
Comparing results... 
List 0 PASS
List 1 PASS
List 2 PASS
Numbers: 55555 Lists: 3 Cores: 2
Generating expected results... 
Generate time: 0.67632 seconds
Creating RadixSort with 2 cores
Running RadixSort.msd()... 

cores, lists2 3
Elapsed time: 0.989009 seconds
Comparing results... 
List 0 PASS
List 1 PASS
List 2 PASS
Numbers: 55555 Lists: 3 Cores: 3
Generating expected results... 
Generate time: 0.424267 seconds
Creating RadixSort with 3 cores
Running RadixSort.msd()... 

cores, lists3 3
Elapsed time: 1.196317 seconds
Comparing results... 
List 0 PASS
List 1 PASS
List 2 PASS
Numbers: 55555 Lists: 4 Cores: 1
Generating expected results... 
Generate time: 0.45584 seconds
Creating RadixSort with 1 cores
Running RadixSort.msd()... 

cores, lists1 4
Elapsed time: 1.145363 seconds
Comparing results... 
List 0 PASS
List 1 FAIL
List 2 FAIL
List 3 PASS
Numbers: 55555 Lists: 4 Cores: 2
Generating expected results... 
Generate time: 0.458503 seconds
Creating RadixSort with 2 cores
Running RadixSort.msd()... 

cores, lists2 4
Elapsed time: 1.310557 seconds
Comparing results... 
List 0 PASS
List 1 FAIL
List 2 PASS
List 3 PASS
Numbers: 55555 Lists: 4 Cores: 3
Generating expected results... 
Generate time: 0.491218 seconds
Creating RadixSort with 3 cores
Running RadixSort.msd()... 

cores, lists3 4
Elapsed time: 1.764405 seconds
Comparing results... 
List 0 PASS
List 1 PASS
List 2 FAIL
List 3 PASS
Numbers: 55555 Lists: 4 Cores: 4
Generating expected results... 
Generate time: 0.792397 seconds
Creating RadixSort with 4 cores
Running RadixSort.msd()... 

cores, lists4 4
Elapsed time: 1.782533 seconds
Comparing results... 
List 0 PASS
List 1 PASS
List 2 PASS
List 3 PASS

               Tests:   24/ 30    80.0%

