Numbers: 55555 Lists: 1 Cores: 1
Generating expected results... 
Generate time: 0.422661 seconds
Creating RadixSort with 1 cores
Running RadixSort.msd()... 

cores, lists1 1
Elapsed time: 0.276547 seconds
Comparing results... 
List 0 FAIL
Numbers: 55555 Lists: 2 Cores: 1
Generating expected results... 
Generate time: 0.42528 seconds
Creating RadixSort with 1 cores
Running RadixSort.msd()... 

cores, lists1 2
Elapsed time: 0.554109 seconds
Comparing results... 
List 0 PASS
List 1 PASS
Numbers: 55555 Lists: 2 Cores: 2
Generating expected results... 
Generate time: 0.41306 seconds
Creating RadixSort with 2 cores
Running RadixSort.msd()... 

cores, lists2 2
Elapsed time: 0.727814 seconds
Comparing results... 
List 0 PASS
List 1 PASS
Numbers: 55555 Lists: 3 Cores: 1
Generating expected results... 
Generate time: 0.465708 seconds
Creating RadixSort with 1 cores
Running RadixSort.msd()... 

cores, lists1 3
Elapsed time: 0.943649 seconds
Comparing results... 
List 0 PASS
List 1 PASS
List 2 PASS
Numbers: 55555 Lists: 3 Cores: 2
Generating expected results... 
Generate time: 0.484251 seconds
Creating RadixSort with 2 cores
Running RadixSort.msd()... 

cores, lists2 3
Elapsed time: 1.085582 seconds
Comparing results... 
List 0 PASS
List 1 FAIL
List 2 FAIL
Numbers: 55555 Lists: 3 Cores: 3
Generating expected results... 
Generate time: 0.496127 seconds
Creating RadixSort with 3 cores
Running RadixSort.msd()... 

cores, lists3 3
Elapsed time: 1.259282 seconds
Comparing results... 
List 0 PASS
List 1 PASS
List 2 PASS
Numbers: 55555 Lists: 4 Cores: 1
Generating expected results... 
Generate time: 0.492231 seconds
Creating RadixSort with 1 cores
Running RadixSort.msd()... 

cores, lists1 4
Elapsed time: 1.261186 seconds
Comparing results... 
List 0 PASS
List 1 FAIL
List 2 PASS
List 3 FAIL
Numbers: 55555 Lists: 4 Cores: 2
Generating expected results... 
Generate time: 0.476557 seconds
Creating RadixSort with 2 cores
Running RadixSort.msd()... 

cores, lists2 4
Elapsed time: 1.429001 seconds
Comparing results... 
List 0 PASS
List 1 FAIL
List 2 PASS
List 3 PASS
Numbers: 55555 Lists: 4 Cores: 3
Generating expected results... 
Generate time: 0.462277 seconds
Creating RadixSort with 3 cores
Running RadixSort.msd()... 

cores, lists3 4
Elapsed time: 1.536884 seconds
Comparing results... 
List 0 PASS
List 1 PASS
List 2 PASS
List 3 PASS
Numbers: 55555 Lists: 4 Cores: 4
Generating expected results... 
Generate time: 0.489133 seconds
Creating RadixSort with 4 cores
Running RadixSort.msd()... 

cores, lists4 4
Elapsed time: 1.729169 seconds
Comparing results... 
List 0 PASS
List 1 PASS
List 2 PASS
List 3 FAIL

               Tests:   23/ 30    76.0%

